android/build/outputs/logs/manifest-merger-debug-report.txt
-- Merging decision tree log ---
manifest
ADDED from examenandroid/android/AndroidManifest.xml:2:1-26:12
INJECTED from examenandroid/android/AndroidManifest.xml:2:1-26:12
INJECTED from examenandroid/android/AndroidManifest.xml:2:1-26:12
INJECTED from examenandroid/android/AndroidManifest.xml:2:1-26:12
INJECTED from examenandroid/android/AndroidManifest.xml:2:1-26:12
INJECTED from examenandroid/android/AndroidManifest.xml:2:1-26:12
INJECTED from examenandroid/android/AndroidManifest.xml:2:1-26:12
	package
		ADDED from examenandroid/android/AndroidManifest.xml:3:5-28
		INJECTED from examenandroid/android/AndroidManifest.xml
		INJECTED from examenandroid/android/AndroidManifest.xml
	android:versionName
		ADDED from examenandroid/android/AndroidManifest.xml:5:5-30
		INJECTED from examenandroid/android/AndroidManifest.xml
		INJECTED from examenandroid/android/AndroidManifest.xml
	xmlns:android
		ADDED from examenandroid/android/AndroidManifest.xml:2:11-69
	android:versionCode
		ADDED from examenandroid/android/AndroidManifest.xml:4:5-28
		INJECTED from examenandroid/android/AndroidManifest.xml
		INJECTED from examenandroid/android/AndroidManifest.xml
application
ADDED from examenandroid/android/AndroidManifest.xml:9:5-24:19
	android:label
		ADDED from examenandroid/android/AndroidManifest.xml:12:9-41
	android:icon
		ADDED from examenandroid/android/AndroidManifest.xml:11:9-55
	android:allowBackup
		ADDED from examenandroid/android/AndroidManifest.xml:10:9-35
	android:theme
		ADDED from examenandroid/android/AndroidManifest.xml:13:9-40
activity#com.mvr.rubik.AndroidLauncher
ADDED from examenandroid/android/AndroidManifest.xml:14:9-23:20
	android:screenOrientation
		ADDED from examenandroid/android/AndroidManifest.xml:17:13-49
	android:label
		ADDED from examenandroid/android/AndroidManifest.xml:16:13-45
	android:configChanges
		ADDED from examenandroid/android/AndroidManifest.xml:18:13-83
	android:name
		ADDED from examenandroid/android/AndroidManifest.xml:15:13-57
intent-filter#action:name:android.intent.action.MAIN+category:name:android.intent.category.LAUNCHER
ADDED from examenandroid/android/AndroidManifest.xml:19:13-22:29
action#android.intent.action.MAIN
ADDED from examenandroid/android/AndroidManifest.xml:20:17-69
	android:name
		ADDED from examenandroid/android/AndroidManifest.xml:20:25-66
category#android.intent.category.LAUNCHER
ADDED from examenandroid/android/AndroidManifest.xml:21:17-77
	android:name
		ADDED from examenandroid/android/AndroidManifest.xml:21:27-74
uses-sdk
INJECTED from examenandroid/android/AndroidManifest.xml reason: use-sdk injection requested
INJECTED from examenandroid/android/AndroidManifest.xml
INJECTED from examenandroid/android/AndroidManifest.xml
INJECTED from examenandroid/android/AndroidManifest.xml
INJECTED from examenandroid/android/AndroidManifest.xml
	android:targetSdkVersion
		INJECTED from examenandroid/android/AndroidManifest.xml
		ADDED from examenandroid/android/AndroidManifest.xml
		INJECTED from examenandroid/android/AndroidManifest.xml
	android:minSdkVersion
		INJECTED from examenandroid/android/AndroidManifest.xml
		ADDED from examenandroid/android/AndroidManifest.xml
		INJECTED from examenandroid/android/AndroidManifest.xml